********************************************************************************
This is automation Script This file is created at:Fri Jun 20 13:06:53 2025
********************************************************************************
{'pid': 0, 'username': 'NT AUTHORITY\\SYSTEM', 'name': 'System Idle Process'}
{'pid': 4, 'username': 'NT AUTHORITY\\SYSTEM', 'name': 'System'}
{'pid': 8, 'username': None, 'name': 'svchost.exe'}
{'pid': 172, 'username': None, 'name': ''}
{'pid': 220, 'username': None, 'name': 'Registry'}
{'pid': 336, 'username': 'LAPTOP-09V6AV28\\Priti', 'name': 'SystemSettingsBroker.exe'}
{'pid': 744, 'username': 'LAPTOP-09V6AV28\\Priti', 'name': 'ShellExperienceHost.exe'}
{'pid': 812, 'username': None, 'name': 'smss.exe'}
{'pid': 868, 'username': 'LAPTOP-09V6AV28\\Priti', 'name': 'msedge.exe'}
{'pid': 1152, 'username': None, 'name': 'svchost.exe'}
{'pid': 1240, 'username': None, 'name': 'csrss.exe'}
{'pid': 1332, 'username': None, 'name': 'wininit.exe'}
{'pid': 1400, 'username': 'LAPTOP-09V6AV28\\Priti', 'name': 'WidgetService.exe'}
{'pid': 1472, 'username': None, 'name': 'services.exe'}
{'pid': 1484, 'username': None, 'name': 'LsaIso.exe'}
{'pid': 1512, 'username': None, 'name': 'lsass.exe'}
{'pid': 1524, 'username': None, 'name': 'IntelCpHDCPSvc.exe'}
{'pid': 1532, 'username': None, 'name': 'svchost.exe'}
{'pid': 1636, 'username': None, 'name': 'svchost.exe'}
{'pid': 1656, 'username': None, 'name': 'svchost.exe'}
{'pid': 1664, 'username': None, 'name': 'fontdrvhost.exe'}
{'pid': 1700, 'username': None, 'name': 'WUDFHost.exe'}
{'pid': 1808, 'username': None, 'name': 'svchost.exe'}
{'pid': 1856, 'username': None, 'name': 'svchost.exe'}
{'pid': 1936, 'username': None, 'name': 'svchost.exe'}
{'pid': 1944, 'username': None, 'name': 'svchost.exe'}
{'pid': 1956, 'username': None, 'name': 'svchost.exe'}
{'pid': 2020, 'username': None, 'name': 'svchost.exe'}
{'pid': 2076, 'username': None, 'name': 'svchost.exe'}
{'pid': 2164, 'username': None, 'name': 'svchost.exe'}
{'pid': 2216, 'username': None, 'name': 'MemCompression'}
{'pid': 2340, 'username': None, 'name': 'svchost.exe'}
{'pid': 2376, 'username': None, 'name': 'svchost.exe'}
{'pid': 2508, 'username': None, 'name': 'svchost.exe'}
{'pid': 2556, 'username': None, 'name': 'svchost.exe'}
{'pid': 2712, 'username': None, 'name': 'svchost.exe'}
{'pid': 2788, 'username': None, 'name': 'svchost.exe'}
{'pid': 2796, 'username': None, 'name': 'svchost.exe'}
{'pid': 2804, 'username': None, 'name': 'svchost.exe'}
{'pid': 2812, 'username': None, 'name': 'svchost.exe'}
{'pid': 2940, 'username': None, 'name': 'svchost.exe'}
{'pid': 2956, 'username': None, 'name': 'svchost.exe'}
{'pid': 3068, 'username': None, 'name': 'spoolsv.exe'}
{'pid': 3112, 'username': None, 'name': 'svchost.exe'}
{'pid': 3140, 'username': None, 'name': 'svchost.exe'}
{'pid': 3152, 'username': None, 'name': 'svchost.exe'}
{'pid': 3172, 'username': 'LAPTOP-09V6AV28\\Priti', 'name': 'StartMenuExperienceHost.exe'}
{'pid': 3200, 'username': 'LAPTOP-09V6AV28\\Priti', 'name': 'WebViewHost.exe'}
{'pid': 3336, 'username': None, 'name': 'svchost.exe'}
{'pid': 3352, 'username': 'LAPTOP-09V6AV28\\Priti', 'name': 'CalculatorApp.exe'}
{'pid': 3392, 'username': None, 'name': 'svchost.exe'}
{'pid': 3444, 'username': None, 'name': 'svchost.exe'}
{'pid': 3492, 'username': None, 'name': 'WUDFHost.exe'}
{'pid': 3552, 'username': 'LAPTOP-09V6AV28\\Priti', 'name': 'SecurityHealthSystray.exe'}
{'pid': 3576, 'username': None, 'name': 'svchost.exe'}
{'pid': 3608, 'username': None, 'name': 'svchost.exe'}
{'pid': 3740, 'username': None, 'name': 'svchost.exe'}
{'pid': 3776, 'username': None, 'name': 'svchost.exe'}
{'pid': 3852, 'username': None, 'name': 'WUDFHost.exe'}
{'pid': 3864, 'username': None, 'name': 'svchost.exe'}
{'pid': 3928, 'username': None, 'name': 'AsusOptimization.exe'}
{'pid': 3936, 'username': None, 'name': 'svchost.exe'}
{'pid': 4024, 'username': None, 'name': 'svchost.exe'}
{'pid': 4124, 'username': None, 'name': 'svchost.exe'}
{'pid': 4212, 'username': None, 'name': 'svchost.exe'}
{'pid': 4316, 'username': None, 'name': 'svchost.exe'}
{'pid': 4376, 'username': None, 'name': 'wlanext.exe'}
{'pid': 4396, 'username': None, 'name': 'conhost.exe'}
{'pid': 4536, 'username': None, 'name': 'svchost.exe'}
{'pid': 4628, 'username': None, 'name': 'svchost.exe'}
{'pid': 4672, 'username': None, 'name': 'AsusAppService.exe'}
{'pid': 4692, 'username': None, 'name': 'svchost.exe'}
{'pid': 4700, 'username': None, 'name': 'AsusPTPService.exe'}
{'pid': 4708, 'username': None, 'name': 'AsusSwitch.exe'}
{'pid': 4716, 'username': None, 'name': 'svchost.exe'}
{'pid': 4724, 'username': None, 'name': 'DtsApo4Service.exe'}
{'pid': 4732, 'username': None, 'name': 'AsusSystemAnalysis.exe'}
{'pid': 4740, 'username': None, 'name': 'GlideXServiceExt.exe'}
{'pid': 4748, 'username': None, 'name': 'svchost.exe'}
{'pid': 4756, 'username': None, 'name': 'jhi_service.exe'}
{'pid': 4764, 'username': None, 'name': 'AsusSystemDiagnosis.exe'}
{'pid': 4796, 'username': None, 'name': 'OneApp.IGCC.WinService.exe'}
{'pid': 4812, 'username': None, 'name': 'IntelAudioService.exe'}
{'pid': 4820, 'username': None, 'name': 'AsusScreenXpertHostService.exe'}
{'pid': 4832, 'username': None, 'name': 'AsusSoftwareManager.exe'}
{'pid': 4840, 'username': None, 'name': 'GlideXService.exe'}
{'pid': 4860, 'username': None, 'name': 'OfficeClickToRun.exe'}
{'pid': 4868, 'username': None, 'name': 'ipfsvc.exe'}
{'pid': 4876, 'username': None, 'name': 'ELANFPService.exe'}
{'pid': 4884, 'username': None, 'name': 'svchost.exe'}
{'pid': 4892, 'username': None, 'name': 'MpDefenderCoreService.exe'}
{'pid': 4896, 'username': None, 'name': 'mfemms.exe'}
{'pid': 4920, 'username': None, 'name': 'ModuleCoreService.exe'}
{'pid': 4928, 'username': 'LAPTOP-09V6AV28\\Priti', 'name': 'McUICnt.exe'}
{'pid': 4932, 'username': None, 'name': 'svchost.exe'}
{'pid': 4940, 'username': 'LAPTOP-09V6AV28\\Priti', 'name': 'svchost.exe'}
{'pid': 5048, 'username': None, 'name': 'mysqld.exe'}
{'pid': 5056, 'username': None, 'name': 'PEFService.exe'}
{'pid': 5064, 'username': None, 'name': 'oracle.exe'}
{'pid': 5072, 'username': None, 'name': 'RtkAudUService64.exe'}
{'pid': 5080, 'username': None, 'name': 'RstMwService.exe'}
{'pid': 5092, 'username': None, 'name': 'sqlwriter.exe'}
{'pid': 5108, 'username': None, 'name': 'ipf_uf.exe'}
{'pid': 5124, 'username': None, 'name': 'svchost.exe'}
{'pid': 5176, 'username': None, 'name': 'WMIRegistrationService.exe'}
{'pid': 5208, 'username': None, 'name': 'svchost.exe'}
{'pid': 5324, 'username': None, 'name': 'MsMpEng.exe'}
{'pid': 5496, 'username': None, 'name': 'svchost.exe'}
{'pid': 5588, 'username': 'LAPTOP-09V6AV28\\Priti', 'name': 'msedge.exe'}
{'pid': 5676, 'username': 'LAPTOP-09V6AV28\\Priti', 'name': 'SystemSettings.exe'}
{'pid': 5736, 'username': None, 'name': 'mfevtps.exe'}
{'pid': 5776, 'username': 'LAPTOP-09V6AV28\\Priti', 'name': 'UserOOBEBroker.exe'}
{'pid': 5796, 'username': None, 'name': 'mysqld.exe'}
{'pid': 5856, 'username': None, 'name': 'conhost.exe'}
{'pid': 5872, 'username': 'LAPTOP-09V6AV28\\Priti', 'name': 'msedgewebview2.exe'}
{'pid': 6044, 'username': 'LAPTOP-09V6AV28\\Priti', 'name': 'RuntimeBroker.exe'}
{'pid': 6140, 'username': None, 'name': 'RtkAudUService64.exe'}
{'pid': 6184, 'username': 'LAPTOP-09V6AV28\\Priti', 'name': 'uihost.exe'}
{'pid': 6404, 'username': 'LAPTOP-09V6AV28\\Priti', 'name': 'OneDrive.exe'}
{'pid': 6460, 'username': 'LAPTOP-09V6AV28\\Priti', 'name': 'msedgewebview2.exe'}
{'pid': 6488, 'username': 'LAPTOP-09V6AV28\\Priti', 'name': 'HxTsr.exe'}
{'pid': 6540, 'username': None, 'name': 'AsusScreenXpertUI.exe'}
{'pid': 6768, 'username': 'LAPTOP-09V6AV28\\Priti', 'name': 'Widgets.exe'}
{'pid': 6792, 'username': None, 'name': 'csrss.exe'}
{'pid': 6808, 'username': None, 'name': 'svchost.exe'}
{'pid': 6820, 'username': None, 'name': 'MMSSHOST.exe'}
{'pid': 6828, 'username': 'LAPTOP-09V6AV28\\Priti', 'name': 'IGCC.exe'}
{'pid': 6932, 'username': 'LAPTOP-09V6AV28\\Priti', 'name': 'AsusSoftwareManagerAgent.exe'}
{'pid': 7084, 'username': None, 'name': 'svchost.exe'}
{'pid': 7196, 'username': None, 'name': 'WmiPrvSE.exe'}
{'pid': 7292, 'username': None, 'name': 'fontdrvhost.exe'}
{'pid': 7296, 'username': 'LAPTOP-09V6AV28\\Priti', 'name': 'OpenConsole.exe'}
{'pid': 7372, 'username': None, 'name': 'ProtectedModuleHost.exe'}
{'pid': 7456, 'username': 'LAPTOP-09V6AV28\\Priti', 'name': 'RtkAudUService64.exe'}
{'pid': 7832, 'username': None, 'name': 'McCSPServiceHost.exe'}
{'pid': 7952, 'username': 'LAPTOP-09V6AV28\\Priti', 'name': 'Code.exe'}
{'pid': 7976, 'username': None, 'name': 'svchost.exe'}
{'pid': 8216, 'username': 'LAPTOP-09V6AV28\\Priti', 'name': 'msedgewebview2.exe'}
{'pid': 8228, 'username': 'LAPTOP-09V6AV28\\Priti', 'name': 'svchost.exe'}
{'pid': 8276, 'username': 'LAPTOP-09V6AV28\\Priti', 'name': 'smartscreen.exe'}
{'pid': 8508, 'username': 'LAPTOP-09V6AV28\\Priti', 'name': 'WindowsTerminal.exe'}
{'pid': 8884, 'username': None, 'name': 'AggregatorHost.exe'}
{'pid': 8912, 'username': None, 'name': 'svchost.exe'}
{'pid': 9092, 'username': 'LAPTOP-09V6AV28\\Priti', 'name': 'AsusOSD.exe'}
{'pid': 9160, 'username': None, 'name': 'ModuleCoreService.exe'}
{'pid': 9192, 'username': None, 'name': 'conhost.exe'}
{'pid': 9460, 'username': None, 'name': 'NisSrv.exe'}
{'pid': 9684, 'username': 'LAPTOP-09V6AV28\\Priti', 'name': 'RuntimeBroker.exe'}
{'pid': 9796, 'username': None, 'name': 'svchost.exe'}
{'pid': 9844, 'username': None, 'name': 'svchost.exe'}
{'pid': 9940, 'username': None, 'name': 'SearchIndexer.exe'}
{'pid': 10036, 'username': None, 'name': 'svchost.exe'}
{'pid': 10096, 'username': None, 'name': 'svchost.exe'}
{'pid': 10396, 'username': 'LAPTOP-09V6AV28\\Priti', 'name': 'ctfmon.exe'}
{'pid': 10880, 'username': None, 'name': 'sqlceip.exe'}
{'pid': 10892, 'username': None, 'name': 'sqlservr.exe'}
{'pid': 10928, 'username': None, 'name': 'svchost.exe'}
{'pid': 11376, 'username': 'LAPTOP-09V6AV28\\Priti', 'name': 'FileCoAuth.exe'}
{'pid': 11452, 'username': None, 'name': 'svchost.exe'}
{'pid': 11576, 'username': 'LAPTOP-09V6AV28\\Priti', 'name': 'RuntimeBroker.exe'}
{'pid': 11656, 'username': 'LAPTOP-09V6AV28\\Priti', 'name': 'ipf_helper.exe'}
{'pid': 11736, 'username': 'LAPTOP-09V6AV28\\Priti', 'name': 'msedgewebview2.exe'}
{'pid': 11776, 'username': 'LAPTOP-09V6AV28\\Priti', 'name': 'Code.exe'}
{'pid': 11804, 'username': 'LAPTOP-09V6AV28\\Priti', 'name': 'svchost.exe'}
{'pid': 11928, 'username': None, 'name': 'svchost.exe'}
{'pid': 11960, 'username': None, 'name': 'svchost.exe'}
{'pid': 12208, 'username': None, 'name': 'svchost.exe'}
{'pid': 12628, 'username': None, 'name': 'dwm.exe'}
{'pid': 12744, 'username': 'LAPTOP-09V6AV28\\Priti', 'name': 'RuntimeBroker.exe'}
{'pid': 13008, 'username': 'LAPTOP-09V6AV28\\Priti', 'name': 'ApplicationFrameHost.exe'}
{'pid': 13076, 'username': 'LAPTOP-09V6AV28\\Priti', 'name': 'msedge.exe'}
{'pid': 13124, 'username': None, 'name': 'svchost.exe'}
{'pid': 13228, 'username': 'LAPTOP-09V6AV28\\Priti', 'name': 'RuntimeBroker.exe'}
{'pid': 13292, 'username': 'LAPTOP-09V6AV28\\Priti', 'name': 'CrossDeviceService.exe'}
{'pid': 13380, 'username': None, 'name': 'MfeAVSvc.exe'}
{'pid': 13480, 'username': 'LAPTOP-09V6AV28\\Priti', 'name': 'conhost.exe'}
{'pid': 13624, 'username': 'LAPTOP-09V6AV28\\Priti', 'name': 'msedgewebview2.exe'}
{'pid': 13656, 'username': 'LAPTOP-09V6AV28\\Priti', 'name': 'Code.exe'}
{'pid': 13688, 'username': 'LAPTOP-09V6AV28\\Priti', 'name': 'SearchHost.exe'}
{'pid': 13740, 'username': 'LAPTOP-09V6AV28\\Priti', 'name': 'RuntimeBroker.exe'}
{'pid': 13884, 'username': 'LAPTOP-09V6AV28\\Priti', 'name': 'ONENOTEM.EXE'}
{'pid': 13892, 'username': 'LAPTOP-09V6AV28\\Priti', 'name': 'conhost.exe'}
{'pid': 13952, 'username': None, 'name': 'mcapexe.exe'}
{'pid': 14192, 'username': 'LAPTOP-09V6AV28\\Priti', 'name': 'RuntimeBroker.exe'}
{'pid': 14376, 'username': None, 'name': 'mcshield.exe'}
{'pid': 14588, 'username': None, 'name': 'SecurityHealthService.exe'}
{'pid': 14736, 'username': 'LAPTOP-09V6AV28\\Priti', 'name': 'RuntimeBroker.exe'}
{'pid': 15052, 'username': None, 'name': 'svchost.exe'}
{'pid': 15288, 'username': 'LAPTOP-09V6AV28\\Priti', 'name': 'RuntimeBroker.exe'}
{'pid': 15844, 'username': 'LAPTOP-09V6AV28\\Priti', 'name': 'cmd.exe'}
{'pid': 16392, 'username': 'LAPTOP-09V6AV28\\Priti', 'name': 'Code.exe'}
{'pid': 16408, 'username': None, 'name': 'svchost.exe'}
{'pid': 16548, 'username': None, 'name': 'svchost.exe'}
{'pid': 16552, 'username': 'LAPTOP-09V6AV28\\Priti', 'name': 'Code.exe'}
{'pid': 16664, 'username': 'LAPTOP-09V6AV28\\Priti', 'name': 'LockApp.exe'}
{'pid': 16752, 'username': 'LAPTOP-09V6AV28\\Priti', 'name': 'msedgewebview2.exe'}
{'pid': 16936, 'username': 'LAPTOP-09V6AV28\\Priti', 'name': 'msedge.exe'}
{'pid': 17196, 'username': 'LAPTOP-09V6AV28\\Priti', 'name': 'msedge.exe'}
{'pid': 17288, 'username': None, 'name': 'svchost.exe'}
{'pid': 17324, 'username': 'LAPTOP-09V6AV28\\Priti', 'name': 'svchost.exe'}
{'pid': 17344, 'username': 'LAPTOP-09V6AV28\\Priti', 'name': 'taskhostw.exe'}
{'pid': 17392, 'username': 'LAPTOP-09V6AV28\\Priti', 'name': 'sihost.exe'}
{'pid': 17412, 'username': None, 'name': 'svchost.exe'}
{'pid': 17476, 'username': 'LAPTOP-09V6AV28\\Priti', 'name': 'ModuleCoreService.exe'}
{'pid': 17520, 'username': None, 'name': 'servicehost.exe'}
{'pid': 17612, 'username': None, 'name': 'svchost.exe'}
{'pid': 17708, 'username': 'LAPTOP-09V6AV28\\Priti', 'name': 'msedgewebview2.exe'}
{'pid': 17848, 'username': None, 'name': 'winlogon.exe'}
{'pid': 18024, 'username': 'LAPTOP-09V6AV28\\Priti', 'name': 'msedgewebview2.exe'}
{'pid': 18368, 'username': 'LAPTOP-09V6AV28\\Priti', 'name': 'svchost.exe'}
{'pid': 18424, 'username': None, 'name': 'sqlceip.exe'}
{'pid': 18472, 'username': 'LAPTOP-09V6AV28\\Priti', 'name': 'msedgewebview2.exe'}
{'pid': 18568, 'username': 'LAPTOP-09V6AV28\\Priti', 'name': 'HxOutlook.exe'}
{'pid': 19208, 'username': None, 'name': 'svchost.exe'}
{'pid': 19268, 'username': 'LAPTOP-09V6AV28\\Priti', 'name': 'msedgewebview2.exe'}
{'pid': 19296, 'username': 'LAPTOP-09V6AV28\\Priti', 'name': 'Code.exe'}
{'pid': 19344, 'username': 'LAPTOP-09V6AV28\\Priti', 'name': 'svchost.exe'}
{'pid': 19364, 'username': 'LAPTOP-09V6AV28\\Priti', 'name': 'AsusSystemAnalysis.exe'}
{'pid': 19608, 'username': None, 'name': 'unsecapp.exe'}
{'pid': 19684, 'username': 'LAPTOP-09V6AV28\\Priti', 'name': 'msedgewebview2.exe'}
{'pid': 19688, 'username': 'LAPTOP-09V6AV28\\Priti', 'name': 'svchost.exe'}
{'pid': 19760, 'username': None, 'name': 'svchost.exe'}
{'pid': 19940, 'username': None, 'name': 'svchost.exe'}
{'pid': 20028, 'username': None, 'name': 'sqlceip.exe'}
{'pid': 20048, 'username': None, 'name': 'sqlservr.exe'}
{'pid': 20900, 'username': 'LAPTOP-09V6AV28\\Priti', 'name': 'explorer.exe'}
{'pid': 20908, 'username': None, 'name': 'sqlservr.exe'}
{'pid': 21492, 'username': 'LAPTOP-09V6AV28\\Priti', 'name': 'ms-teams.exe'}
{'pid': 21496, 'username': 'LAPTOP-09V6AV28\\Priti', 'name': 'svchost.exe'}
{'pid': 21752, 'username': 'LAPTOP-09V6AV28\\Priti', 'name': 'Code.exe'}
{'pid': 21968, 'username': 'LAPTOP-09V6AV28\\Priti', 'name': 'msedgewebview2.exe'}
{'pid': 22044, 'username': 'LAPTOP-09V6AV28\\Priti', 'name': 'dllhost.exe'}
{'pid': 22076, 'username': 'LAPTOP-09V6AV28\\Priti', 'name': 'Code.exe'}
{'pid': 22156, 'username': 'LAPTOP-09V6AV28\\Priti', 'name': 'AsusOptimizationStartupTask.exe'}
{'pid': 22412, 'username': 'LAPTOP-09V6AV28\\Priti', 'name': 'Code.exe'}
{'pid': 22488, 'username': None, 'name': 'svchost.exe'}
{'pid': 22760, 'username': 'LAPTOP-09V6AV28\\Priti', 'name': 'Code.exe'}
{'pid': 22952, 'username': None, 'name': 'WmiPrvSE.exe'}
{'pid': 23156, 'username': 'LAPTOP-09V6AV28\\Priti', 'name': 'python.exe'}
{'pid': 23172, 'username': 'LAPTOP-09V6AV28\\Priti', 'name': 'RuntimeBroker.exe'}
{'pid': 23280, 'username': None, 'name': 'svchost.exe'}
{'pid': 23524, 'username': 'LAPTOP-09V6AV28\\Priti', 'name': 'IGCCTray.exe'}
********************************************************************************
